<?xml version="1.0" encoding="UTF-8"?>
<!-- Generated by org.testng.reporters.JUnitReportReporter -->
<testsuite hostname="LAPTOP-DS9FOBB5" failures="0" tests="4" name="testng.G1" time="0.019" errors="0" timestamp="2022-07-11T16:14:11 IST" skipped="0">
  <testcase classname="testng.G1" name="testcase1" time="0.013"/>
  <system-out/>
  <testcase classname="testng.G1" name="testcase4" time="0.002"/>
  <system-out/>
  <testcase classname="testng.G1" name="testcase2" time="0.002"/>
  <system-out/>
  <testcase classname="testng.G1" name="testcase3" time="0.002"/>
  <system-out/>
</testsuite> <!-- testng.G1 -->
