<?xml version="1.0" encoding="UTF-8"?>
<!-- Generated by org.testng.reporters.JUnitReportReporter -->
<testsuite hostname="LAPTOP-DS9FOBB5" failures="0" tests="1" name="selenium.T2" time="0.011" errors="0" timestamp="2022-07-05T14:30:58 IST" skipped="0">
  <testcase classname="selenium.T2" name="Test1" time="0.011"/>
  <system-out/>
</testsuite> <!-- selenium.T2 -->
