<?xml version="1.0" encoding="UTF-8"?>
<!-- Generated by org.testng.reporters.JUnitReportReporter -->
<testsuite hostname="LAPTOP-DS9FOBB5" failures="0" tests="2" name="testng.TestNgclass1" time="0.008" errors="0" timestamp="2022-07-05T11:44:43 IST" skipped="0">
  <testcase classname="testng.TestNgclass1" name="testCase1" time="0.007"/>
  <system-out/>
  <testcase classname="testng.TestNgclass1" name="testCase2" time="0.001"/>
  <system-out/>
</testsuite> <!-- testng.TestNgclass1 -->
