<?xml version="1.0" encoding="UTF-8"?>
<!-- Generated by org.testng.reporters.JUnitReportReporter -->
<testsuite hostname="LAPTOP-DS9FOBB5" failures="0" tests="1" name="testng.T2" time="0.005" errors="0" timestamp="2022-07-09T00:15:23 IST" skipped="0">
  <testcase classname="testng.T2" name="Test1" time="0.005"/>
  <system-out/>
</testsuite> <!-- testng.T2 -->
